# JRE version: OpenJDK Runtime Environment Temurin-17.0.17+10 (17.0.17+10) (build 17.0.17+10)
# Java VM: OpenJDK 64-Bit Server VM Temurin-17.0.17+10 (17.0.17+10, mixed mode, emulated-client, sharing, tiered, compressed oops, compressed class ptrs, g1 gc, windows-amd64)
GC Precious Log:
 CPUs: 8 total, 8 available
 Memory: 16151M
 Large Page Support: Disabled
 NUMA Support: Disabled
 Compressed Oops: Enabled (Zero based)
 Heap Region Size: 2M
 Heap Min Capacity: 8M
 Heap Initial Capacity: 254M
 Heap Max Capacity: 4038M
 Pre-touch: Disabled
 Parallel Workers: 8
 Concurrent Workers: 2
 Concurrent Refinement Workers: 8
 Periodic GC: Disabled
Heap:
 garbage-first heap   total 151552K, used 46800K [0x0000000703a00000, 0x0000000800000000)
  region size 2048K, 3 young (6144K), 3 survivors (6144K)
 Metaspace       used 100582K, committed 101312K, reserved 1179648K
  class space    used 14661K, committed 15040K, reserved 1048576K
GC Heap History (20 events):
Event: 19820.334 GC heap after
{Heap after GC invocations=49 (full 2):
 garbage-first heap   total 151552K, used 61736K [0x0000000703a00000, 0x0000000800000000)
  region size 2048K, 4 young (8192K), 4 survivors (8192K)
 Metaspace       used 99397K, committed 100160K, reserved 1179648K
  class space    used 14547K, committed 14912K, reserved 1048576K
}
Event: 19821.055 GC heap before
{Heap before GC invocations=49 (full 2):
 garbage-first heap   total 151552K, used 114984K [0x0000000703a00000, 0x0000000800000000)
  region size 2048K, 30 young (61440K), 4 survivors (8192K)
 Metaspace       used 99614K, committed 100352K, reserved 1179648K
  class space    used 14569K, committed 14912K, reserved 1048576K
}
Event: 19821.065 GC heap after
{Heap after GC invocations=50 (full 2):
 garbage-first heap   total 151552K, used 63336K [0x0000000703a00000, 0x0000000800000000)
  region size 2048K, 3 young (6144K), 3 survivors (6144K)
 Metaspace       used 99614K, committed 100352K, reserved 1179648K
  class space    used 14569K, committed 14912K, reserved 1048576K
}
Event: 19944.680 GC heap before
{Heap before GC invocations=50 (full 2):
 garbage-first heap   total 151552K, used 116584K [0x0000000703a00000, 0x0000000800000000)
  region size 2048K, 29 young (59392K), 3 survivors (6144K)
 Metaspace       used 99616K, committed 100352K, reserved 1179648K
  class space    used 14570K, committed 14912K, reserved 1048576K
}
Event: 19944.689 GC heap after
{Heap after GC invocations=51 (full 2):
 garbage-first heap   total 151552K, used 61800K [0x0000000703a00000, 0x0000000800000000)
  region size 2048K, 1 young (2048K), 1 survivors (2048K)
 Metaspace       used 99616K, committed 100352K, reserved 1179648K
  class space    used 14570K, committed 14912K, reserved 1048576K
}
Event: 19969.841 GC heap before
{Heap before GC invocations=51 (full 2):
 garbage-first heap   total 151552K, used 119144K [0x0000000703a00000, 0x0000000800000000)
  region size 2048K, 29 young (59392K), 1 survivors (2048K)
 Metaspace       used 99876K, committed 100672K, reserved 1179648K
  class space    used 14602K, committed 14976K, reserved 1048576K
}
Event: 19969.848 GC heap after
{Heap after GC invocations=52 (full 2):
 garbage-first heap   total 151552K, used 65466K [0x0000000703a00000, 0x0000000800000000)
  region size 2048K, 3 young (6144K), 3 survivors (6144K)
 Metaspace       used 99876K, committed 100672K, reserved 1179648K
  class space    used 14602K, committed 14976K, reserved 1048576K
}
Event: 19971.616 GC heap before
{Heap before GC invocations=52 (full 2):
 garbage-first heap   total 151552K, used 116666K [0x0000000703a00000, 0x0000000800000000)
  region size 2048K, 28 young (57344K), 3 survivors (6144K)
 Metaspace       used 99955K, committed 100736K, reserved 1179648K
  class space    used 14614K, committed 14976K, reserved 1048576K
}
Event: 19971.636 GC heap after
{Heap after GC invocations=53 (full 2):
 garbage-first heap   total 151552K, used 68224K [0x0000000703a00000, 0x0000000800000000)
  region size 2048K, 2 young (4096K), 2 survivors (4096K)
 Metaspace       used 99955K, committed 100736K, reserved 1179648K
  class space    used 14614K, committed 14976K, reserved 1048576K
}
Event: 19977.068 GC heap before
{Heap before GC invocations=53 (full 2):
 garbage-first heap   total 151552K, used 117376K [0x0000000703a00000, 0x0000000800000000)
  region size 2048K, 26 young (53248K), 2 survivors (4096K)
 Metaspace       used 100442K, committed 101248K, reserved 1179648K
  class space    used 14647K, committed 15040K, reserved 1048576K
}
Event: 19977.075 GC heap after
{Heap after GC invocations=54 (full 2):
 garbage-first heap   total 151552K, used 71002K [0x0000000703a00000, 0x0000000800000000)
  region size 2048K, 3 young (6144K), 3 survivors (6144K)
 Metaspace       used 100442K, committed 101248K, reserved 1179648K
  class space    used 14647K, committed 15040K, reserved 1048576K
}
Event: 19981.201 GC heap before
{Heap before GC invocations=55 (full 2):
 garbage-first heap   total 151552K, used 118106K [0x0000000703a00000, 0x0000000800000000)
  region size 2048K, 26 young (53248K), 3 survivors (6144K)
 Metaspace       used 100376K, committed 101248K, reserved 1179648K
  class space    used 14632K, committed 15040K, reserved 1048576K
}
Event: 19981.210 GC heap after
{Heap after GC invocations=56 (full 2):
 garbage-first heap   total 151552K, used 72878K [0x0000000703a00000, 0x0000000800000000)
  region size 2048K, 3 young (6144K), 3 survivors (6144K)
 Metaspace       used 100376K, committed 101248K, reserved 1179648K
  class space    used 14632K, committed 15040K, reserved 1048576K
}
Event: 19981.263 GC heap before
{Heap before GC invocations=56 (full 2):
 garbage-first heap   total 151552K, used 74926K [0x0000000703a00000, 0x0000000800000000)
  region size 2048K, 4 young (8192K), 3 survivors (6144K)
 Metaspace       used 100376K, committed 101248K, reserved 1179648K
  class space    used 14632K, committed 15040K, reserved 1048576K
}
Event: 19981.274 GC heap after
{Heap after GC invocations=57 (full 2):
 garbage-first heap   total 151552K, used 64110K [0x0000000703a00000, 0x0000000800000000)
  region size 2048K, 1 young (2048K), 1 survivors (2048K)
 Metaspace       used 100376K, committed 101248K, reserved 1179648K
  class space    used 14632K, committed 15040K, reserved 1048576K
}
Event: 19981.441 GC heap before
{Heap before GC invocations=57 (full 2):
 garbage-first heap   total 151552K, used 68206K [0x0000000703a00000, 0x0000000800000000)
  region size 2048K, 3 young (6144K), 1 survivors (2048K)
 Metaspace       used 100376K, committed 101248K, reserved 1179648K
  class space    used 14632K, committed 15040K, reserved 1048576K
}
Event: 19981.444 GC heap after
{Heap after GC invocations=58 (full 2):
 garbage-first heap   total 151552K, used 62658K [0x0000000703a00000, 0x0000000800000000)
  region size 2048K, 1 young (2048K), 1 survivors (2048K)
 Metaspace       used 100376K, committed 101248K, reserved 1179648K
  class space    used 14632K, committed 15040K, reserved 1048576K
}
Event: 19992.056 GC heap before
{Heap before GC invocations=58 (full 2):
 garbage-first heap   total 151552K, used 93378K [0x0000000703a00000, 0x0000000800000000)
  region size 2048K, 17 young (34816K), 1 survivors (2048K)
 Metaspace       used 100379K, committed 101248K, reserved 1179648K
  class space    used 14632K, committed 15040K, reserved 1048576K
}
Event: 19992.201 GC heap after
{Heap after GC invocations=59 (full 3):
 garbage-first heap   total 151552K, used 41807K [0x0000000703a00000, 0x0000000800000000)
  region size 2048K, 0 young (0K), 0 survivors (0K)
 Metaspace       used 100305K, committed 101248K, reserved 1179648K
  class space    used 14625K, committed 15040K, reserved 1048576K
}
Event: 19995.138 GC heap before
{Heap before GC invocations=59 (full 3):
 garbage-first heap   total 151552K, used 115535K [0x0000000703a00000, 0x0000000800000000)
  region size 2048K, 36 young (73728K), 0 survivors (0K)
 Metaspace       used 100582K, committed 101312K, reserved 1179648K
  class space    used 14661K, committed 15040K, reserved 1048576K
}

