# JRE version: OpenJDK Runtime Environment Temurin-17.0.17+10 (17.0.17+10) (build 17.0.17+10)
# Java VM: OpenJDK 64-Bit Server VM Temurin-17.0.17+10 (17.0.17+10, mixed mode, sharing, tiered, compressed oops, compressed class ptrs, g1 gc, windows-amd64)
GC Precious Log:
 CPUs: 8 total, 8 available
 Memory: 16151M
 Large Page Support: Disabled
 NUMA Support: Disabled
 Compressed Oops: Enabled (Zero based)
 Heap Region Size: 2M
 Heap Min Capacity: 8M
 Heap Initial Capacity: 8M
 Heap Max Capacity: 4038M
 Pre-touch: Disabled
 Parallel Workers: 8
 Concurrent Workers: 2
 Concurrent Refinement Workers: 8
 Periodic GC: Disabled
Heap:
 garbage-first heap   total 36864K, used 11217K [0x0000000703a00000, 0x0000000800000000)
  region size 2048K, 1 young (2048K), 1 survivors (2048K)
 Metaspace       used 3147K, committed 3328K, reserved 1114112K
  class space    used 360K, committed 448K, reserved 1048576K
GC Heap History (17 events):
Event: 0.119 GC heap before
{Heap before GC invocations=0 (full 0):
 garbage-first heap   total 8192K, used 0K [0x0000000703a00000, 0x0000000800000000)
  region size 2048K, 1 young (2048K), 0 survivors (0K)
 Metaspace       used 1596K, committed 1792K, reserved 1114112K
  class space    used 187K, committed 320K, reserved 1048576K
}
Event: 0.121 GC heap after
{Heap after GC invocations=1 (full 0):
 garbage-first heap   total 8192K, used 1168K [0x0000000703a00000, 0x0000000800000000)
  region size 2048K, 1 young (2048K), 1 survivors (2048K)
 Metaspace       used 1596K, committed 1792K, reserved 1114112K
  class space    used 187K, committed 320K, reserved 1048576K
}
Event: 0.169 GC heap before
{Heap before GC invocations=1 (full 0):
 garbage-first heap   total 8192K, used 1168K [0x0000000703a00000, 0x0000000800000000)
  region size 2048K, 2 young (4096K), 1 survivors (2048K)
 Metaspace       used 2422K, committed 2560K, reserved 1114112K
  class space    used 281K, committed 320K, reserved 1048576K
}
Event: 0.171 GC heap after
{Heap after GC invocations=2 (full 0):
 garbage-first heap   total 8192K, used 1158K [0x0000000703a00000, 0x0000000800000000)
  region size 2048K, 1 young (2048K), 1 survivors (2048K)
 Metaspace       used 2422K, committed 2560K, reserved 1114112K
  class space    used 281K, committed 320K, reserved 1048576K
}
Event: 0.189 GC heap before
{Heap before GC invocations=2 (full 0):
 garbage-first heap   total 8192K, used 3206K [0x0000000703a00000, 0x0000000800000000)
  region size 2048K, 2 young (4096K), 1 survivors (2048K)
 Metaspace       used 2433K, committed 2560K, reserved 1114112K
  class space    used 281K, committed 320K, reserved 1048576K
}
Event: 0.192 GC heap after
{Heap after GC invocations=3 (full 0):
 garbage-first heap   total 10240K, used 5058K [0x0000000703a00000, 0x0000000800000000)
  region size 2048K, 1 young (2048K), 1 survivors (2048K)
 Metaspace       used 2433K, committed 2560K, reserved 1114112K
  class space    used 281K, committed 320K, reserved 1048576K
}
Event: 0.225 GC heap before
{Heap before GC invocations=3 (full 0):
 garbage-first heap   total 10240K, used 5058K [0x0000000703a00000, 0x0000000800000000)
  region size 2048K, 2 young (4096K), 1 survivors (2048K)
 Metaspace       used 2677K, committed 2816K, reserved 1114112K
  class space    used 314K, committed 384K, reserved 1048576K
}
Event: 0.618 GC heap after
{Heap after GC invocations=4 (full 0):
 garbage-first heap   total 12288K, used 5933K [0x0000000703a00000, 0x0000000800000000)
  region size 2048K, 1 young (2048K), 1 survivors (2048K)
 Metaspace       used 2677K, committed 2816K, reserved 1114112K
  class space    used 314K, committed 384K, reserved 1048576K
}
Event: 0.619 GC heap before
{Heap before GC invocations=4 (full 0):
 garbage-first heap   total 12288K, used 5933K [0x0000000703a00000, 0x0000000800000000)
  region size 2048K, 1 young (2048K), 1 survivors (2048K)
 Metaspace       used 2677K, committed 2816K, reserved 1114112K
  class space    used 314K, committed 384K, reserved 1048576K
}
Event: 1.621 GC heap after
{Heap after GC invocations=5 (full 0):
 garbage-first heap   total 36864K, used 5861K [0x0000000703a00000, 0x0000000800000000)
  region size 2048K, 1 young (2048K), 1 survivors (2048K)
 Metaspace       used 2677K, committed 2816K, reserved 1114112K
  class space    used 314K, committed 384K, reserved 1048576K
}
Event: 1.635 GC heap before
{Heap before GC invocations=6 (full 0):
 garbage-first heap   total 36864K, used 7909K [0x0000000703a00000, 0x0000000800000000)
  region size 2048K, 2 young (4096K), 1 survivors (2048K)
 Metaspace       used 2677K, committed 2816K, reserved 1114112K
  class space    used 314K, committed 384K, reserved 1048576K
}
Event: 2.648 GC heap after
{Heap after GC invocations=7 (full 0):
 garbage-first heap   total 36864K, used 9790K [0x0000000703a00000, 0x0000000800000000)
  region size 2048K, 1 young (2048K), 1 survivors (2048K)
 Metaspace       used 2677K, committed 2816K, reserved 1114112K
  class space    used 314K, committed 384K, reserved 1048576K
}
Event: 2.694 GC heap before
{Heap before GC invocations=7 (full 0):
 garbage-first heap   total 36864K, used 11838K [0x0000000703a00000, 0x0000000800000000)
  region size 2048K, 2 young (4096K), 1 survivors (2048K)
 Metaspace       used 2937K, committed 3072K, reserved 1114112K
  class space    used 343K, committed 448K, reserved 1048576K
}
Event: 2.698 GC heap after
{Heap after GC invocations=8 (full 0):
 garbage-first heap   total 36864K, used 11248K [0x0000000703a00000, 0x0000000800000000)
  region size 2048K, 1 young (2048K), 1 survivors (2048K)
 Metaspace       used 2937K, committed 3072K, reserved 1114112K
  class space    used 343K, committed 448K, reserved 1048576K
}
Event: 2.788 GC heap before
{Heap before GC invocations=8 (full 0):
 garbage-first heap   total 36864K, used 11248K [0x0000000703a00000, 0x0000000800000000)
  region size 2048K, 2 young (4096K), 1 survivors (2048K)
 Metaspace       used 3144K, committed 3328K, reserved 1114112K
  class space    used 360K, committed 448K, reserved 1048576K
}
Event: 2.790 GC heap after
{Heap after GC invocations=9 (full 0):
 garbage-first heap   total 36864K, used 11425K [0x0000000703a00000, 0x0000000800000000)
  region size 2048K, 1 young (2048K), 1 survivors (2048K)
 Metaspace       used 3144K, committed 3328K, reserved 1114112K
  class space    used 360K, committed 448K, reserved 1048576K
}
Event: 2.824 GC heap before
{Heap before GC invocations=9 (full 0):
 garbage-first heap   total 36864K, used 11425K [0x0000000703a00000, 0x0000000800000000)
  region size 2048K, 2 young (4096K), 1 survivors (2048K)
 Metaspace       used 3147K, committed 3328K, reserved 1114112K
  class space    used 360K, committed 448K, reserved 1048576K
}

